<?xml version="1.0" encoding="UTF-8"?>
<!-- Generated by org.testng.reporters.JUnitXMLReporter -->
<testsuite hostname="DESKTOP-A2U04PH" ignored="0" name="Surefire test" tests="2" failures="1" timestamp="2022-04-11T17:25:44 EET" time="63.818" errors="0">
  <testcase name="runScenario" time="47.862" classname="io.cucumber.testng.AbstractTestNGCucumberTests">
    <failure type="java.lang.AssertionError" message="expected [true] but found [false]">
      <![CDATA[java.lang.AssertionError: expected [true] but found [false]
at com.automation.step_definitions.loginStepDefinitions.success_login(loginStepDefinitions.java:37)
at âœ½.user login to the system successfully(file:///C:/Users/HP/Documents/project_two_report/project_two_report/src/main/resources/features/F01_Login.feature:8)
... Removed 4 stack frames]]>
    </failure>
  </testcase> <!-- runScenario -->
  <testcase name="runScenario" time="14.041" classname="io.cucumber.testng.AbstractTestNGCucumberTests"/>
</testsuite> <!-- Surefire test -->
